2022-03-15 16:32:54.496  INFO 3133 --- [restartedMain] c.numpyninja.lms.LmsServicesApplication  : Starting LmsServicesApplication using Java 15.0.2 on Asmithas-MacBook.local with PID 3133 (/Users/asmitha/jobSearch/java/eclipse-workspace/LMS_Service/target/classes started by asmitha in /Users/asmitha/jobSearch/java/eclipse-workspace/LMS_Service)
2022-03-15 16:32:54.499  INFO 3133 --- [restartedMain] c.numpyninja.lms.LmsServicesApplication  : No active profile set, falling back to default profiles: default
2022-03-15 16:32:54.564  INFO 3133 --- [restartedMain] .e.DevToolsPropertyDefaultsPostProcessor : Devtools property defaults active! Set 'spring.devtools.add-properties' to 'false' to disable
2022-03-15 16:32:54.564  INFO 3133 --- [restartedMain] .e.DevToolsPropertyDefaultsPostProcessor : For additional web related logging consider setting the 'logging.level.web' property to 'DEBUG'
2022-03-15 16:32:55.461  INFO 3133 --- [restartedMain] .s.d.r.c.RepositoryConfigurationDelegate : Multiple Spring Data modules found, entering strict repository configuration mode!
2022-03-15 16:32:55.462  INFO 3133 --- [restartedMain] .s.d.r.c.RepositoryConfigurationDelegate : Bootstrapping Spring Data JDBC repositories in DEFAULT mode.
2022-03-15 16:32:55.499  INFO 3133 --- [restartedMain] .RepositoryConfigurationExtensionSupport : Spring Data JDBC - Could not safely identify store assignment for repository candidate interface com.numpyninja.lms.repository.AssignmentRepository. If you want this repository to be a JDBC repository, consider annotating your entities with one of these annotations: org.springframework.data.relational.core.mapping.Table.
2022-03-15 16:32:55.502  INFO 3133 --- [restartedMain] .RepositoryConfigurationExtensionSupport : Spring Data JDBC - Could not safely identify store assignment for repository candidate interface com.numpyninja.lms.repository.AttendanceRepository. If you want this repository to be a JDBC repository, consider annotating your entities with one of these annotations: org.springframework.data.relational.core.mapping.Table.
2022-03-15 16:32:55.504  INFO 3133 --- [restartedMain] .RepositoryConfigurationExtensionSupport : Spring Data JDBC - Could not safely identify store assignment for repository candidate interface com.numpyninja.lms.repository.ClassRepository. If you want this repository to be a JDBC repository, consider annotating your entities with one of these annotations: org.springframework.data.relational.core.mapping.Table.
2022-03-15 16:32:55.506  INFO 3133 --- [restartedMain] .RepositoryConfigurationExtensionSupport : Spring Data JDBC - Could not safely identify store assignment for repository candidate interface com.numpyninja.lms.repository.ProgBatchRepository. If you want this repository to be a JDBC repository, consider annotating your entities with one of these annotations: org.springframework.data.relational.core.mapping.Table.
2022-03-15 16:32:55.507  INFO 3133 --- [restartedMain] .RepositoryConfigurationExtensionSupport : Spring Data JDBC - Could not safely identify store assignment for repository candidate interface com.numpyninja.lms.repository.ProgramRepository. If you want this repository to be a JDBC repository, consider annotating your entities with one of these annotations: org.springframework.data.relational.core.mapping.Table.
2022-03-15 16:32:55.521  INFO 3133 --- [restartedMain] .RepositoryConfigurationExtensionSupport : Spring Data JDBC - Could not safely identify store assignment for repository candidate interface com.numpyninja.lms.repository.SubmissionRepository. If you want this repository to be a JDBC repository, consider annotating your entities with one of these annotations: org.springframework.data.relational.core.mapping.Table.
2022-03-15 16:32:55.535  INFO 3133 --- [restartedMain] .s.d.r.c.RepositoryConfigurationDelegate : Finished Spring Data repository scanning in 57 ms. Found 0 JDBC repository interfaces.
2022-03-15 16:32:55.582  INFO 3133 --- [restartedMain] .s.d.r.c.RepositoryConfigurationDelegate : Multiple Spring Data modules found, entering strict repository configuration mode!
2022-03-15 16:32:55.584  INFO 3133 --- [restartedMain] .s.d.r.c.RepositoryConfigurationDelegate : Bootstrapping Spring Data JPA repositories in DEFAULT mode.
2022-03-15 16:32:55.635  INFO 3133 --- [restartedMain] .s.d.r.c.RepositoryConfigurationDelegate : Finished Spring Data repository scanning in 43 ms. Found 6 JPA repository interfaces.
2022-03-15 16:32:56.179  INFO 3133 --- [restartedMain] o.s.b.w.embedded.tomcat.TomcatWebServer  : Tomcat initialized with port(s): 1234 (http)
2022-03-15 16:32:56.186  INFO 3133 --- [restartedMain] o.apache.catalina.core.StandardService   : Starting service [Tomcat]
2022-03-15 16:32:56.187  INFO 3133 --- [restartedMain] org.apache.catalina.core.StandardEngine  : Starting Servlet engine: [Apache Tomcat/9.0.53]
2022-03-15 16:32:56.251  INFO 3133 --- [restartedMain] o.a.c.c.C.[Tomcat].[localhost].[/lms]    : Initializing Spring embedded WebApplicationContext
2022-03-15 16:32:56.251  INFO 3133 --- [restartedMain] w.s.c.ServletWebServerApplicationContext : Root WebApplicationContext: initialization completed in 1686 ms
2022-03-15 16:32:56.363  INFO 3133 --- [restartedMain] o.hibernate.jpa.internal.util.LogHelper  : HHH000204: Processing PersistenceUnitInfo [name: default]
2022-03-15 16:32:56.393  INFO 3133 --- [restartedMain] org.hibernate.Version                    : HHH000412: Hibernate ORM core version 5.4.32.Final
2022-03-15 16:32:56.474  INFO 3133 --- [restartedMain] o.hibernate.annotations.common.Version   : HCANN000001: Hibernate Commons Annotations {5.1.2.Final}
2022-03-15 16:32:56.529  INFO 3133 --- [restartedMain] com.zaxxer.hikari.HikariDataSource       : HikariPool-1 - Starting...
2022-03-15 16:32:56.727  INFO 3133 --- [restartedMain] com.zaxxer.hikari.HikariDataSource       : HikariPool-1 - Start completed.
2022-03-15 16:32:56.749  INFO 3133 --- [restartedMain] org.hibernate.dialect.Dialect            : HHH000400: Using dialect: org.hibernate.dialect.PostgreSQL10Dialect
2022-03-15 16:32:57.409  INFO 3133 --- [restartedMain] o.h.e.t.j.p.i.JtaPlatformInitiator       : HHH000490: Using JtaPlatform implementation: [org.hibernate.engine.transaction.jta.platform.internal.NoJtaPlatform]
2022-03-15 16:32:57.414  INFO 3133 --- [restartedMain] j.LocalContainerEntityManagerFactoryBean : Initialized JPA EntityManagerFactory for persistence unit 'default'
2022-03-15 16:32:58.204  WARN 3133 --- [restartedMain] JpaBaseConfiguration$JpaWebConfiguration : spring.jpa.open-in-view is enabled by default. Therefore, database queries may be performed during view rendering. Explicitly configure spring.jpa.open-in-view to disable this warning
2022-03-15 16:32:58.410  INFO 3133 --- [restartedMain] o.s.b.d.a.OptionalLiveReloadServer       : LiveReload server is running on port 35729
2022-03-15 16:32:59.364  INFO 3133 --- [restartedMain] o.s.b.w.embedded.tomcat.TomcatWebServer  : Tomcat started on port(s): 1234 (http) with context path '/lms'
2022-03-15 16:33:01.988  INFO 3133 --- [restartedMain] c.numpyninja.lms.LmsServicesApplication  : Started LmsServicesApplication in 7.94 seconds (JVM running for 8.93)
2022-03-15 16:33:30.530  INFO 3133 --- [http-nio-1234-exec-1] o.a.c.c.C.[Tomcat].[localhost].[/lms]    : Initializing Spring DispatcherServlet 'dispatcherServlet'
2022-03-15 16:33:30.531  INFO 3133 --- [http-nio-1234-exec-1] o.s.web.servlet.DispatcherServlet        : Initializing Servlet 'dispatcherServlet'
2022-03-15 16:33:30.536  INFO 3133 --- [http-nio-1234-exec-1] o.s.web.servlet.DispatcherServlet        : Completed initialization in 5 ms
2022-03-15 16:36:58.923  INFO 3133 --- [http-nio-1234-exec-2] c.n.lms.controller.AttendanceController  : Inside attendance get all
2022-03-15 16:40:53.884  INFO 3133 --- [http-nio-1234-exec-5] c.n.lms.controller.AttendanceController  : Inside attendance get all
2022-03-15 17:22:51.231  INFO 3133 --- [Thread-4] j.LocalContainerEntityManagerFactoryBean : Closing JPA EntityManagerFactory for persistence unit 'default'
2022-03-15 17:22:51.240  INFO 3133 --- [Thread-4] com.zaxxer.hikari.HikariDataSource       : HikariPool-1 - Shutdown initiated...
2022-03-15 17:22:51.251  INFO 3133 --- [Thread-4] com.zaxxer.hikari.HikariDataSource       : HikariPool-1 - Shutdown completed.
2022-03-15 17:22:54.660  INFO 3133 --- [restartedMain] c.numpyninja.lms.LmsServicesApplication  : Starting LmsServicesApplication using Java 15.0.2 on Asmithas-MacBook.local with PID 3133 (/Users/asmitha/jobSearch/java/eclipse-workspace/LMS_Service/target/classes started by asmitha in /Users/asmitha/jobSearch/java/eclipse-workspace/LMS_Service)
2022-03-15 17:22:54.661  INFO 3133 --- [restartedMain] c.numpyninja.lms.LmsServicesApplication  : No active profile set, falling back to default profiles: default
2022-03-15 17:22:54.827  INFO 3133 --- [restartedMain] .s.d.r.c.RepositoryConfigurationDelegate : Multiple Spring Data modules found, entering strict repository configuration mode!
2022-03-15 17:22:54.828  INFO 3133 --- [restartedMain] .s.d.r.c.RepositoryConfigurationDelegate : Bootstrapping Spring Data JDBC repositories in DEFAULT mode.
2022-03-15 17:22:54.835  INFO 3133 --- [restartedMain] .RepositoryConfigurationExtensionSupport : Spring Data JDBC - Could not safely identify store assignment for repository candidate interface com.numpyninja.lms.repository.AssignmentRepository. If you want this repository to be a JDBC repository, consider annotating your entities with one of these annotations: org.springframework.data.relational.core.mapping.Table.
2022-03-15 17:22:54.841  INFO 3133 --- [restartedMain] .RepositoryConfigurationExtensionSupport : Spring Data JDBC - Could not safely identify store assignment for repository candidate interface com.numpyninja.lms.repository.AttendanceRepository. If you want this repository to be a JDBC repository, consider annotating your entities with one of these annotations: org.springframework.data.relational.core.mapping.Table.
2022-03-15 17:22:54.842  INFO 3133 --- [restartedMain] .RepositoryConfigurationExtensionSupport : Spring Data JDBC - Could not safely identify store assignment for repository candidate interface com.numpyninja.lms.repository.ClassRepository. If you want this repository to be a JDBC repository, consider annotating your entities with one of these annotations: org.springframework.data.relational.core.mapping.Table.
2022-03-15 17:22:54.844  INFO 3133 --- [restartedMain] .RepositoryConfigurationExtensionSupport : Spring Data JDBC - Could not safely identify store assignment for repository candidate interface com.numpyninja.lms.repository.ProgBatchRepository. If you want this repository to be a JDBC repository, consider annotating your entities with one of these annotations: org.springframework.data.relational.core.mapping.Table.
2022-03-15 17:22:54.847  INFO 3133 --- [restartedMain] .RepositoryConfigurationExtensionSupport : Spring Data JDBC - Could not safely identify store assignment for repository candidate interface com.numpyninja.lms.repository.ProgramRepository. If you want this repository to be a JDBC repository, consider annotating your entities with one of these annotations: org.springframework.data.relational.core.mapping.Table.
2022-03-15 17:22:54.848  INFO 3133 --- [restartedMain] .RepositoryConfigurationExtensionSupport : Spring Data JDBC - Could not safely identify store assignment for repository candidate interface com.numpyninja.lms.repository.SubmissionRepository. If you want this repository to be a JDBC repository, consider annotating your entities with one of these annotations: org.springframework.data.relational.core.mapping.Table.
2022-03-15 17:22:54.848  INFO 3133 --- [restartedMain] .s.d.r.c.RepositoryConfigurationDelegate : Finished Spring Data repository scanning in 19 ms. Found 0 JDBC repository interfaces.
2022-03-15 17:22:54.851  INFO 3133 --- [restartedMain] .s.d.r.c.RepositoryConfigurationDelegate : Multiple Spring Data modules found, entering strict repository configuration mode!
2022-03-15 17:22:54.851  INFO 3133 --- [restartedMain] .s.d.r.c.RepositoryConfigurationDelegate : Bootstrapping Spring Data JPA repositories in DEFAULT mode.
2022-03-15 17:22:54.867  INFO 3133 --- [restartedMain] .s.d.r.c.RepositoryConfigurationDelegate : Finished Spring Data repository scanning in 15 ms. Found 6 JPA repository interfaces.
2022-03-15 17:22:54.942  INFO 3133 --- [restartedMain] o.s.b.w.embedded.tomcat.TomcatWebServer  : Tomcat initialized with port(s): 1234 (http)
2022-03-15 17:22:54.943  INFO 3133 --- [restartedMain] o.apache.catalina.core.StandardService   : Starting service [Tomcat]
2022-03-15 17:22:54.943  INFO 3133 --- [restartedMain] org.apache.catalina.core.StandardEngine  : Starting Servlet engine: [Apache Tomcat/9.0.53]
2022-03-15 17:22:54.953  INFO 3133 --- [restartedMain] o.a.c.c.C.[Tomcat-1].[localhost].[/lms]  : Initializing Spring embedded WebApplicationContext
2022-03-15 17:22:54.953  INFO 3133 --- [restartedMain] w.s.c.ServletWebServerApplicationContext : Root WebApplicationContext: initialization completed in 289 ms
2022-03-15 17:22:54.979  INFO 3133 --- [restartedMain] o.hibernate.jpa.internal.util.LogHelper  : HHH000204: Processing PersistenceUnitInfo [name: default]
2022-03-15 17:22:54.983  INFO 3133 --- [restartedMain] com.zaxxer.hikari.HikariDataSource       : HikariPool-2 - Starting...
2022-03-15 17:22:55.028  INFO 3133 --- [restartedMain] com.zaxxer.hikari.HikariDataSource       : HikariPool-2 - Start completed.
2022-03-15 17:22:55.029  INFO 3133 --- [restartedMain] org.hibernate.dialect.Dialect            : HHH000400: Using dialect: org.hibernate.dialect.PostgreSQL10Dialect
2022-03-15 17:22:55.359  INFO 3133 --- [restartedMain] o.h.e.t.j.p.i.JtaPlatformInitiator       : HHH000490: Using JtaPlatform implementation: [org.hibernate.engine.transaction.jta.platform.internal.NoJtaPlatform]
2022-03-15 17:22:55.361  INFO 3133 --- [restartedMain] j.LocalContainerEntityManagerFactoryBean : Initialized JPA EntityManagerFactory for persistence unit 'default'
2022-03-15 17:22:55.653  WARN 3133 --- [restartedMain] JpaBaseConfiguration$JpaWebConfiguration : spring.jpa.open-in-view is enabled by default. Therefore, database queries may be performed during view rendering. Explicitly configure spring.jpa.open-in-view to disable this warning
2022-03-15 17:22:55.708  INFO 3133 --- [restartedMain] o.s.b.d.a.OptionalLiveReloadServer       : LiveReload server is running on port 35729
2022-03-15 17:22:56.503  INFO 3133 --- [restartedMain] o.s.b.w.embedded.tomcat.TomcatWebServer  : Tomcat started on port(s): 1234 (http) with context path '/lms'
2022-03-15 17:22:58.976  INFO 3133 --- [restartedMain] c.numpyninja.lms.LmsServicesApplication  : Started LmsServicesApplication in 4.395 seconds (JVM running for 3005.943)
2022-03-15 17:22:58.985  INFO 3133 --- [restartedMain] .ConditionEvaluationDeltaLoggingListener : Condition evaluation unchanged
2022-03-15 17:37:38.506  INFO 3133 --- [http-nio-1234-exec-1] o.a.c.c.C.[Tomcat-1].[localhost].[/lms]  : Initializing Spring DispatcherServlet 'dispatcherServlet'
2022-03-15 17:37:38.513  INFO 3133 --- [http-nio-1234-exec-1] o.s.web.servlet.DispatcherServlet        : Initializing Servlet 'dispatcherServlet'
2022-03-15 17:37:38.529  INFO 3133 --- [http-nio-1234-exec-1] o.s.web.servlet.DispatcherServlet        : Completed initialization in 16 ms
2022-03-15 18:51:53.211  WARN 3133 --- [HikariPool-2 housekeeper] com.zaxxer.hikari.pool.HikariPool        : HikariPool-2 - Thread starvation or clock leap detected (housekeeper delta=45m27s785ms).
2022-03-15 18:52:59.519  WARN 3133 --- [HikariPool-2 housekeeper] com.zaxxer.hikari.pool.HikariPool        : HikariPool-2 - Thread starvation or clock leap detected (housekeeper delta=1m6s310ms).
2022-03-15 19:25:39.478  WARN 3133 --- [HikariPool-2 housekeeper] com.zaxxer.hikari.pool.HikariPool        : HikariPool-2 - Thread starvation or clock leap detected (housekeeper delta=32m39s960ms).
2022-03-15 19:54:53.996  WARN 3133 --- [HikariPool-2 housekeeper] com.zaxxer.hikari.pool.HikariPool        : HikariPool-2 - Thread starvation or clock leap detected (housekeeper delta=29m14s518ms).
2022-03-15 20:24:40.384  WARN 3133 --- [HikariPool-2 housekeeper] com.zaxxer.hikari.pool.HikariPool        : HikariPool-2 - Thread starvation or clock leap detected (housekeeper delta=29m46s388ms).
2022-03-15 20:30:10.769  WARN 3133 --- [HikariPool-2 housekeeper] com.zaxxer.hikari.pool.HikariPool        : HikariPool-2 - Thread starvation or clock leap detected (housekeeper delta=5m30s382ms).
2022-03-15 21:05:39.434  WARN 3133 --- [HikariPool-2 housekeeper] com.zaxxer.hikari.pool.HikariPool        : HikariPool-2 - Thread starvation or clock leap detected (housekeeper delta=35m28s668ms).
2022-03-15 21:55:30.412  WARN 3133 --- [HikariPool-2 housekeeper] com.zaxxer.hikari.pool.HikariPool        : HikariPool-2 - Thread starvation or clock leap detected (housekeeper delta=49m50s978ms).
2022-03-15 22:21:29.751  WARN 3133 --- [HikariPool-2 housekeeper] com.zaxxer.hikari.pool.HikariPool        : HikariPool-2 - Thread starvation or clock leap detected (housekeeper delta=25m59s339ms).
2022-03-15 22:28:09.761  WARN 3133 --- [HikariPool-2 housekeeper] com.zaxxer.hikari.pool.HikariPool        : HikariPool-2 - Thread starvation or clock leap detected (housekeeper delta=6m40s9ms).
2022-03-15 22:28:51.381  INFO 3133 --- [Thread-7] j.LocalContainerEntityManagerFactoryBean : Closing JPA EntityManagerFactory for persistence unit 'default'
2022-03-15 22:28:51.385  INFO 3133 --- [Thread-7] com.zaxxer.hikari.HikariDataSource       : HikariPool-2 - Shutdown initiated...
2022-03-15 22:28:51.390  INFO 3133 --- [Thread-7] com.zaxxer.hikari.HikariDataSource       : HikariPool-2 - Shutdown completed.
2022-03-15 22:28:51.638  INFO 3133 --- [restartedMain] c.numpyninja.lms.LmsServicesApplication  : Starting LmsServicesApplication using Java 15.0.2 on Asmithas-MacBook.local with PID 3133 (/Users/asmitha/jobSearch/java/eclipse-workspace/LMS_Service/target/classes started by asmitha in /Users/asmitha/jobSearch/java/eclipse-workspace/LMS_Service)
2022-03-15 22:28:51.640  INFO 3133 --- [restartedMain] c.numpyninja.lms.LmsServicesApplication  : No active profile set, falling back to default profiles: default
2022-03-15 22:28:51.898  INFO 3133 --- [restartedMain] .s.d.r.c.RepositoryConfigurationDelegate : Multiple Spring Data modules found, entering strict repository configuration mode!
2022-03-15 22:28:51.899  INFO 3133 --- [restartedMain] .s.d.r.c.RepositoryConfigurationDelegate : Bootstrapping Spring Data JDBC repositories in DEFAULT mode.
2022-03-15 22:28:51.909  INFO 3133 --- [restartedMain] .RepositoryConfigurationExtensionSupport : Spring Data JDBC - Could not safely identify store assignment for repository candidate interface com.numpyninja.lms.repository.AssignmentRepository. If you want this repository to be a JDBC repository, consider annotating your entities with one of these annotations: org.springframework.data.relational.core.mapping.Table.
2022-03-15 22:28:51.910  INFO 3133 --- [restartedMain] .RepositoryConfigurationExtensionSupport : Spring Data JDBC - Could not safely identify store assignment for repository candidate interface com.numpyninja.lms.repository.AttendanceRepository. If you want this repository to be a JDBC repository, consider annotating your entities with one of these annotations: org.springframework.data.relational.core.mapping.Table.
2022-03-15 22:28:51.911  INFO 3133 --- [restartedMain] .RepositoryConfigurationExtensionSupport : Spring Data JDBC - Could not safely identify store assignment for repository candidate interface com.numpyninja.lms.repository.ClassRepository. If you want this repository to be a JDBC repository, consider annotating your entities with one of these annotations: org.springframework.data.relational.core.mapping.Table.
2022-03-15 22:28:51.912  INFO 3133 --- [restartedMain] .RepositoryConfigurationExtensionSupport : Spring Data JDBC - Could not safely identify store assignment for repository candidate interface com.numpyninja.lms.repository.ProgBatchRepository. If you want this repository to be a JDBC repository, consider annotating your entities with one of these annotations: org.springframework.data.relational.core.mapping.Table.
2022-03-15 22:28:51.913  INFO 3133 --- [restartedMain] .RepositoryConfigurationExtensionSupport : Spring Data JDBC - Could not safely identify store assignment for repository candidate interface com.numpyninja.lms.repository.ProgramRepository. If you want this repository to be a JDBC repository, consider annotating your entities with one of these annotations: org.springframework.data.relational.core.mapping.Table.
2022-03-15 22:28:51.914  INFO 3133 --- [restartedMain] .RepositoryConfigurationExtensionSupport : Spring Data JDBC - Could not safely identify store assignment for repository candidate interface com.numpyninja.lms.repository.SubmissionRepository. If you want this repository to be a JDBC repository, consider annotating your entities with one of these annotations: org.springframework.data.relational.core.mapping.Table.
2022-03-15 22:28:51.915  INFO 3133 --- [restartedMain] .s.d.r.c.RepositoryConfigurationDelegate : Finished Spring Data repository scanning in 15 ms. Found 0 JDBC repository interfaces.
2022-03-15 22:28:51.917  INFO 3133 --- [restartedMain] .s.d.r.c.RepositoryConfigurationDelegate : Multiple Spring Data modules found, entering strict repository configuration mode!
2022-03-15 22:28:51.918  INFO 3133 --- [restartedMain] .s.d.r.c.RepositoryConfigurationDelegate : Bootstrapping Spring Data JPA repositories in DEFAULT mode.
2022-03-15 22:28:51.934  INFO 3133 --- [restartedMain] .s.d.r.c.RepositoryConfigurationDelegate : Finished Spring Data repository scanning in 15 ms. Found 6 JPA repository interfaces.
2022-03-15 22:28:52.140  INFO 3133 --- [restartedMain] o.s.b.w.embedded.tomcat.TomcatWebServer  : Tomcat initialized with port(s): 1234 (http)
2022-03-15 22:28:52.145  INFO 3133 --- [restartedMain] o.apache.catalina.core.StandardService   : Starting service [Tomcat]
2022-03-15 22:28:52.145  INFO 3133 --- [restartedMain] org.apache.catalina.core.StandardEngine  : Starting Servlet engine: [Apache Tomcat/9.0.53]
2022-03-15 22:28:52.157  INFO 3133 --- [restartedMain] o.a.c.c.C.[Tomcat-1].[localhost].[/lms]  : Initializing Spring embedded WebApplicationContext
2022-03-15 22:28:52.157  INFO 3133 --- [restartedMain] w.s.c.ServletWebServerApplicationContext : Root WebApplicationContext: initialization completed in 510 ms
2022-03-15 22:28:52.193  INFO 3133 --- [restartedMain] o.hibernate.jpa.internal.util.LogHelper  : HHH000204: Processing PersistenceUnitInfo [name: default]
2022-03-15 22:28:52.197  INFO 3133 --- [restartedMain] com.zaxxer.hikari.HikariDataSource       : HikariPool-3 - Starting...
2022-03-15 22:28:52.240  INFO 3133 --- [restartedMain] com.zaxxer.hikari.HikariDataSource       : HikariPool-3 - Start completed.
2022-03-15 22:28:52.240  INFO 3133 --- [restartedMain] org.hibernate.dialect.Dialect            : HHH000400: Using dialect: org.hibernate.dialect.PostgreSQL10Dialect
2022-03-15 22:28:52.511  INFO 3133 --- [restartedMain] o.h.e.t.j.p.i.JtaPlatformInitiator       : HHH000490: Using JtaPlatform implementation: [org.hibernate.engine.transaction.jta.platform.internal.NoJtaPlatform]
2022-03-15 22:28:52.511  INFO 3133 --- [restartedMain] j.LocalContainerEntityManagerFactoryBean : Initialized JPA EntityManagerFactory for persistence unit 'default'
2022-03-15 22:28:52.913  WARN 3133 --- [restartedMain] JpaBaseConfiguration$JpaWebConfiguration : spring.jpa.open-in-view is enabled by default. Therefore, database queries may be performed during view rendering. Explicitly configure spring.jpa.open-in-view to disable this warning
2022-03-15 22:28:52.980  INFO 3133 --- [restartedMain] o.s.b.d.a.OptionalLiveReloadServer       : LiveReload server is running on port 35729
2022-03-15 22:28:53.719  INFO 3133 --- [restartedMain] o.s.b.w.embedded.tomcat.TomcatWebServer  : Tomcat started on port(s): 1234 (http) with context path '/lms'
2022-03-15 22:28:56.140  INFO 3133 --- [restartedMain] c.numpyninja.lms.LmsServicesApplication  : Started LmsServicesApplication in 4.603 seconds (JVM running for 5959.083)
2022-03-15 22:28:56.145  INFO 3133 --- [restartedMain] .ConditionEvaluationDeltaLoggingListener : Condition evaluation unchanged
2022-03-15 22:29:36.803  INFO 3133 --- [RMI TCP Connection(106)-127.0.0.1] inMXBeanRegistrar$SpringApplicationAdmin : Application shutdown requested.
2022-03-15 22:29:36.827  INFO 3133 --- [RMI TCP Connection(106)-127.0.0.1] j.LocalContainerEntityManagerFactoryBean : Closing JPA EntityManagerFactory for persistence unit 'default'
2022-03-15 22:29:36.831  INFO 3133 --- [RMI TCP Connection(106)-127.0.0.1] com.zaxxer.hikari.HikariDataSource       : HikariPool-3 - Shutdown initiated...
2022-03-15 22:29:36.833  INFO 3133 --- [RMI TCP Connection(106)-127.0.0.1] com.zaxxer.hikari.HikariDataSource       : HikariPool-3 - Shutdown completed.
